<?xml version="1.0" encoding="UTF-8"?>
<!-- Generated by org.testng.reporters.JUnitReportReporter -->
<testsuite hostname="LTIN574998" failures="0" tests="1" name="PracticeRest.Assured.Universitiestwoindia" time="3.490" errors="0" timestamp="2025-09-11T09:19:45 IST" skipped="0">
  <testcase classname="PracticeRest.Assured.Universitiestwoindia" name="Testing" time="3.490"/>
</testsuite> <!-- PracticeRest.Assured.Universitiestwoindia -->
