<?xml version="1.0" encoding="UTF-8"?>
<!-- Generated by org.testng.reporters.JUnitReportReporter -->
<testsuite hostname="LTIN574998" failures="0" tests="3" name="PracticeRest.Assured.India" time="3.730" errors="0" timestamp="2025-09-07T16:55:34 IST" skipped="2">
  <testcase classname="PracticeRest.Assured.India" name="unitedpop" time="3.730"/>
  <testcase classname="PracticeRest.Assured.India" name="Testing">
    <skipped/>
  </testcase> <!-- Testing -->
  <testcase classname="PracticeRest.Assured.India" name="Francedetails">
    <skipped/>
  </testcase> <!-- Francedetails -->
</testsuite> <!-- PracticeRest.Assured.India -->
