<?xml version="1.0" encoding="UTF-8"?>
<!-- Generated by org.testng.reporters.JUnitReportReporter -->
<testsuite hostname="LTIN574998" failures="0" tests="1" name="PracticeRest.Assured.converttheresponseintojsondoc" time="3.811" errors="0" timestamp="2025-09-06T14:47:44 IST" skipped="0">
  <testcase classname="PracticeRest.Assured.converttheresponseintojsondoc" name="convertion" time="3.811"/>
</testsuite> <!-- PracticeRest.Assured.converttheresponseintojsondoc -->
