<?xml version="1.0" encoding="UTF-8"?>
<!-- Generated by org.testng.reporters.JUnitReportReporter -->
<testsuite hostname="LTIN574998" failures="0" tests="1" name="PracticeRest.Assured.Practice1" time="3.721" errors="0" timestamp="2025-08-29T00:17:57 IST" skipped="0">
  <testcase classname="PracticeRest.Assured.Practice1" name="test" time="3.721"/>
</testsuite> <!-- PracticeRest.Assured.Practice1 -->
