<?xml version="1.0" encoding="UTF-8"?>
<!-- Generated by org.testng.reporters.JUnitReportReporter -->
<testsuite hostname="LTIN574998" failures="0" tests="1" name="PracticeRest.Assured.chapmatechesjsonscheminclasspath" time="3.766" errors="0" timestamp="2025-09-04T22:41:35 IST" skipped="0">
  <testcase classname="PracticeRest.Assured.chapmatechesjsonscheminclasspath" name="test" time="3.766"/>
</testsuite> <!-- PracticeRest.Assured.chapmatechesjsonscheminclasspath -->
